<?xml version="1.0" encoding="UTF-8"?>
<!-- Generated by org.testng.reporters.JUnitXMLReporter -->
<testsuite ignored="2" hostname="Lenovo" failures="0" tests="1" name="Login Test" time="30.389" errors="0" timestamp="2024-09-15T12:19:55 EDT">
  <testcase classname="com.facebook_tests.LoginTest" name="validLoginTest" time="1.432"/>
  <testcase classname="com.facebook_tests.LoginTest" name="invalidPasswordTest" time="0.0">
    <ignored/>
  </testcase> <!-- invalidPasswordTest -->
  <testcase classname="com.facebook_tests.LoginTest" name="invalidUsernameTest" time="0.0">
    <ignored/>
  </testcase> <!-- invalidUsernameTest -->
</testsuite> <!-- Login Test -->
