<?xml version="1.0" encoding="UTF-8"?>
<!-- Generated by org.testng.reporters.JUnitXMLReporter -->
<testsuite ignored="1" hostname="Lenovo" failures="0" tests="2" name="Regression Test" time="31.318" errors="0" timestamp="2024-09-15T12:33:46 EDT">
  <testcase classname="com.facebook_tests.LoginTest" name="invalidPasswordTest" time="4.2"/>
  <testcase classname="com.facebook_tests.LoginTest" name="validLoginTest" time="0.964"/>
  <testcase classname="com.facebook_tests.LoginTest" name="invalidUsernameTest" time="0.0">
    <ignored/>
  </testcase> <!-- invalidUsernameTest -->
</testsuite> <!-- Regression Test -->
